<?xml version="1.0" encoding="UTF-8"?>
<!-- Generated by org.testng.reporters.JUnitReportReporter -->
<testsuite hostname="Gomathi" failures="0" tests="1" name="com.app.tests.AmazonTest" time="2.342" errors="0" timestamp="2021-07-30T11:51:58 IST" skipped="0">
  <testcase classname="com.app.tests.AmazonTest" name="verifygetOpenMenu" time="2.342"/>
  <system-out/>
</testsuite> <!-- com.app.tests.AmazonTest -->
