<?xml version="1.0" encoding="UTF-8"?>
<!-- Generated by org.testng.reporters.JUnitReportReporter -->
<testsuite hostname="Gomathi-PC" failures="0" tests="3" name="com.app.tests.HomePageTest" time="44.189" errors="0" timestamp="2021-07-28T10:36:02 IST" skipped="0">
  <testcase classname="com.app.tests.HomePageTest" name="verifydisplay" time="0.224"/>
  <system-out/>
  <testcase classname="com.app.tests.HomePageTest" name="verifyEmail" time="8.782"/>
  <system-out/>
  <testcase classname="com.app.tests.HomePageTest" name="verifyTabNavigation" time="35.183"/>
  <system-out/>
</testsuite> <!-- com.app.tests.HomePageTest -->
